[2026-06-27 13:53:26.03] launcher started 
Requirement already satisfied: pip in .\.venv\Lib\site-packages (26.1.2)
Requirement already satisfied: fastapi>=0.115 in .\.venv\Lib\site-packages (from -r requirements.txt (line 3)) (0.138.1)
Requirement already satisfied: uvicorn>=0.30 in .\.venv\Lib\site-packages (from uvicorn[standard]>=0.30->-r requirements.txt (line 4)) (0.49.0)
Requirement already satisfied: pydantic>=2.7 in .\.venv\Lib\site-packages (from -r requirements.txt (line 5)) (2.13.4)
Requirement already satisfied: pydantic-settings>=2.3 in .\.venv\Lib\site-packages (from -r requirements.txt (line 6)) (2.14.2)
Requirement already satisfied: httpx>=0.27 in .\.venv\Lib\site-packages (from -r requirements.txt (line 7)) (0.28.1)
Requirement already satisfied: numpy>=1.26 in .\.venv\Lib\site-packages (from -r requirements.txt (line 8)) (2.4.6)
Requirement already satisfied: pypdf>=4.2 in .\.venv\Lib\site-packages (from -r requirements.txt (line 9)) (6.14.2)
Requirement already satisfied: python-multipart>=0.0.9 in .\.venv\Lib\site-packages (from -r requirements.txt (line 10)) (0.0.32)
Requirement already satisfied: rank-bm25>=0.2.2 in .\.venv\Lib\site-packages (from -r requirements.txt (line 11)) (0.2.2)
Requirement already satisfied: PyYAML>=6.0 in .\.venv\Lib\site-packages (from -r requirements.txt (line 12)) (6.0.3)
Requirement already satisfied: python-dotenv>=1.0 in .\.venv\Lib\site-packages (from -r requirements.txt (line 13)) (1.2.2)
Requirement already satisfied: starlette>=0.46.0 in .\.venv\Lib\site-packages (from fastapi>=0.115->-r requirements.txt (line 3)) (1.3.1)
Requirement already satisfied: typing-extensions>=4.8.0 in .\.venv\Lib\site-packages (from fastapi>=0.115->-r requirements.txt (line 3)) (4.15.0)
Requirement already satisfied: typing-inspection>=0.4.2 in .\.venv\Lib\site-packages (from fastapi>=0.115->-r requirements.txt (line 3)) (0.4.2)
Requirement already satisfied: annotated-doc>=0.0.2 in .\.venv\Lib\site-packages (from fastapi>=0.115->-r requirements.txt (line 3)) (0.0.4)
Requirement already satisfied: click>=7.0 in .\.venv\Lib\site-packages (from uvicorn>=0.30->uvicorn[standard]>=0.30->-r requirements.txt (line 4)) (8.4.2)
Requirement already satisfied: h11>=0.8 in .\.venv\Lib\site-packages (from uvicorn>=0.30->uvicorn[standard]>=0.30->-r requirements.txt (line 4)) (0.16.0)
Requirement already satisfied: annotated-types>=0.6.0 in .\.venv\Lib\site-packages (from pydantic>=2.7->-r requirements.txt (line 5)) (0.7.0)
Requirement already satisfied: pydantic-core==2.46.4 in .\.venv\Lib\site-packages (from pydantic>=2.7->-r requirements.txt (line 5)) (2.46.4)
Requirement already satisfied: anyio in .\.venv\Lib\site-packages (from httpx>=0.27->-r requirements.txt (line 7)) (4.14.1)
Requirement already satisfied: certifi in .\.venv\Lib\site-packages (from httpx>=0.27->-r requirements.txt (line 7)) (2026.6.17)
Requirement already satisfied: httpcore==1.* in .\.venv\Lib\site-packages (from httpx>=0.27->-r requirements.txt (line 7)) (1.0.9)
Requirement already satisfied: idna in .\.venv\Lib\site-packages (from httpx>=0.27->-r requirements.txt (line 7)) (3.18)
Requirement already satisfied: colorama in .\.venv\Lib\site-packages (from click>=7.0->uvicorn>=0.30->uvicorn[standard]>=0.30->-r requirements.txt (line 4)) (0.4.6)
Requirement already satisfied: httptools>=0.8.0 in .\.venv\Lib\site-packages (from uvicorn[standard]>=0.30->-r requirements.txt (line 4)) (0.8.0)
Requirement already satisfied: watchfiles>=0.20 in .\.venv\Lib\site-packages (from uvicorn[standard]>=0.30->-r requirements.txt (line 4)) (1.2.0)
Requirement already satisfied: websockets>=10.4 in .\.venv\Lib\site-packages (from uvicorn[standard]>=0.30->-r requirements.txt (line 4)) (16.0)
